<?xml version="1.0" encoding="UTF-8" ?>
<testsuite tests="5" failures="0" name="club.codemata.utils.DateUtilsTest" time="0.075" errors="0" skipped="0">
  <properties>
[...]
</properties>
  <testcase classname="club.codemata.utils.DateUtilsTest" name="testGetNowDate" time="0"/>
  <testcase classname="club.codemata.utils.DateUtilsTest" name="testGetNowTime" time="0.003"/>
  <testcase classname="club.codemata.utils.DateUtilsTest" name="testCompareDate" time="0.001"/>
  <testcase classname="club.codemata.utils.DateUtilsTest" name="testCalendar" time="0.071"/>
  <testcase classname="club.codemata.utils.DateUtilsTest" name="testCalculateDays" time="0"/>
</testsuite>